2024-11-13 12:40:32,065 - main - INFO - Starting churn prediction pipeline
2024-11-13 12:40:32,065 - src.data.data_loader - INFO - Initializing DataLoader
2024-11-13 12:40:32,067 - src.data.data_loader - INFO - Loaded configuration from Churn/config.yaml
2024-11-13 12:40:32,067 - src.data.data_processor - INFO - Initializing DataProcessor
2024-11-13 12:40:32,068 - src.features.feature_engineering - INFO - Initializing FeatureEngineer
2024-11-13 12:40:32,069 - main - INFO - Loading raw data
2024-11-13 12:40:32,069 - src.data.data_loader - INFO - Loading raw data from Churn/data/raw/raw-telco-customer-churn.csv
2024-11-13 12:40:32,094 - src.data.data_loader - INFO - Successfully loaded data with shape (7043, 21)
2024-11-13 12:40:32,094 - main - INFO - Cleaning data
2024-11-13 12:40:32,094 - src.data.data_processor - INFO - Starting data cleaning process
2024-11-13 12:40:32,095 - src.data.data_processor - INFO - Initial data shape: (7043, 21)
2024-11-13 12:40:32,105 - src.data.data_processor - INFO - Successfully converted TotalCharges to numeric
2024-11-13 12:40:32,105 - src.data.data_processor - INFO - Data cleaning completed
2024-11-13 12:40:32,106 - main - INFO - Transforming features
2024-11-13 12:40:32,106 - src.data.data_processor - INFO - Starting feature transformation
2024-11-13 12:40:32,109 - src.data.data_processor - INFO - Performing binary encoding for gender
2024-11-13 12:40:32,110 - src.data.data_processor - INFO - Creating dummy variables for categorical columns
2024-11-13 12:40:32,121 - src.data.data_processor - INFO - Transformation complete. New shape: (7043, 25)
2024-11-13 12:40:32,121 - main - INFO - Engineering features
2024-11-13 12:40:32,121 - src.features.feature_engineering - INFO - Starting feature creation
2024-11-13 12:40:32,122 - src.features.feature_engineering - INFO - Using service columns: ['InternetService_Fiber optic', 'InternetService_No', 'Contract_One year', 'Contract_Two year']
2024-11-13 12:40:32,124 - src.features.feature_engineering - INFO - Successfully created TotalServices feature
2024-11-13 12:40:32,126 - src.features.feature_engineering - INFO - Successfully created tenure bins
2024-11-13 12:40:32,127 - src.features.feature_engineering - INFO - Feature engineering complete. Final shape: (7043, 27)
2024-11-13 12:40:32,127 - main - INFO - Raw data shape: (7043, 21)
2024-11-13 12:40:32,127 - main - INFO - Cleaned data shape: (7043, 21)
2024-11-13 12:40:32,127 - main - INFO - Transformed data shape: (7043, 25)
2024-11-13 12:40:32,127 - main - INFO - Featured data shape: (7043, 27)
2024-11-13 12:40:32,127 - main - INFO - Training model
2024-11-13 12:40:33,312 - main - INFO - Evaluating model performance
2024-11-13 12:40:33,312 - main - ERROR - Pipeline failed: 'ModelTrainer' object has no attribute 'evaluate_model'
2024-11-13 12:40:33,313 - main - ERROR - Traceback (most recent call last):
  File "/home/metaphysicist/Coding/Interview_Prep/Orbi/Churn/main.py", line 53, in main
    evaluation_metrics = trainer.evaluate_model(y_test, predictions)
AttributeError: 'ModelTrainer' object has no attribute 'evaluate_model'

