2024-11-13 12:49:30,960 - main - INFO - Starting churn prediction pipeline
2024-11-13 12:49:30,960 - src.data.data_loader - INFO - Initializing DataLoader
2024-11-13 12:49:30,964 - src.data.data_loader - INFO - Loaded configuration from Churn/config.yaml
2024-11-13 12:49:30,964 - src.data.data_processor - INFO - Initializing DataProcessor
2024-11-13 12:49:30,965 - src.features.feature_engineering - INFO - Initializing FeatureEngineer
2024-11-13 12:49:30,968 - main - INFO - Loading raw data
2024-11-13 12:49:30,968 - src.data.data_loader - INFO - Loading raw data from Churn/data/raw/raw-telco-customer-churn.csv
2024-11-13 12:49:31,004 - src.data.data_loader - INFO - Successfully loaded data with shape (7043, 21)
2024-11-13 12:49:31,004 - main - INFO - Cleaning data
2024-11-13 12:49:31,004 - src.data.data_processor - INFO - Starting data cleaning process
2024-11-13 12:49:31,005 - src.data.data_processor - INFO - Initial data shape: (7043, 21)
2024-11-13 12:49:31,019 - src.data.data_processor - INFO - Successfully converted TotalCharges to numeric
2024-11-13 12:49:31,019 - src.data.data_processor - INFO - Data cleaning completed
2024-11-13 12:49:31,019 - main - INFO - Transforming features
2024-11-13 12:49:31,019 - src.data.data_processor - INFO - Starting feature transformation
2024-11-13 12:49:31,025 - src.data.data_processor - INFO - Performing binary encoding for gender
2024-11-13 12:49:31,028 - src.data.data_processor - INFO - Creating dummy variables for categorical columns
2024-11-13 12:49:31,045 - src.data.data_processor - INFO - Transformation complete. New shape: (7043, 25)
2024-11-13 12:49:31,045 - main - INFO - Engineering features
2024-11-13 12:49:31,045 - src.features.feature_engineering - INFO - Starting feature creation
2024-11-13 12:49:31,046 - src.features.feature_engineering - INFO - Using service columns: ['InternetService_Fiber optic', 'InternetService_No', 'Contract_One year', 'Contract_Two year']
2024-11-13 12:49:31,050 - src.features.feature_engineering - INFO - Successfully created TotalServices feature
2024-11-13 12:49:31,054 - src.features.feature_engineering - INFO - Successfully created tenure bins
2024-11-13 12:49:31,054 - src.features.feature_engineering - INFO - Feature engineering complete. Final shape: (7043, 27)
2024-11-13 12:49:31,054 - main - INFO - Raw data shape: (7043, 21)
2024-11-13 12:49:31,055 - main - INFO - Cleaned data shape: (7043, 21)
2024-11-13 12:49:31,055 - main - INFO - Transformed data shape: (7043, 25)
2024-11-13 12:49:31,055 - main - INFO - Featured data shape: (7043, 27)
2024-11-13 12:49:31,055 - main - INFO - Training model
2024-11-13 12:49:32,416 - main - INFO - Evaluating model performance
2024-11-13 12:49:32,430 - main - INFO - Model Performance Metrics:
2024-11-13 12:49:32,430 - main - INFO - accuracy: 0.7715
2024-11-13 12:49:32,430 - main - INFO - precision: 0.5859
2024-11-13 12:49:32,430 - main - INFO - recall: 0.4665
2024-11-13 12:49:32,430 - main - INFO - f1_score: 0.5194
2024-11-13 12:49:32,430 - main - INFO - roc_auc: 0.6739
2024-11-13 12:49:32,430 - main - INFO - Saving model and results
2024-11-13 12:49:32,430 - main - ERROR - Pipeline failed: ModelTrainer.save_models() takes 3 positional arguments but 4 were given
2024-11-13 12:49:32,431 - main - ERROR - Traceback (most recent call last):
  File "/home/metaphysicist/Coding/Interview_Prep/Orbi/Churn/main.py", line 66, in main
    trainer.save_models(model, scaler, "models/final_model.pkl")
TypeError: ModelTrainer.save_models() takes 3 positional arguments but 4 were given

