2024-11-13 12:47:39,536 - main - INFO - Starting churn prediction pipeline
2024-11-13 12:47:39,536 - src.data.data_loader - INFO - Initializing DataLoader
2024-11-13 12:47:39,539 - src.data.data_loader - INFO - Loaded configuration from Churn/config.yaml
2024-11-13 12:47:39,540 - src.data.data_processor - INFO - Initializing DataProcessor
2024-11-13 12:47:39,540 - src.features.feature_engineering - INFO - Initializing FeatureEngineer
2024-11-13 12:47:39,543 - main - INFO - Loading raw data
2024-11-13 12:47:39,543 - src.data.data_loader - INFO - Loading raw data from Churn/data/raw/raw-telco-customer-churn.csv
2024-11-13 12:47:39,570 - src.data.data_loader - INFO - Successfully loaded data with shape (7043, 21)
2024-11-13 12:47:39,570 - main - INFO - Cleaning data
2024-11-13 12:47:39,570 - src.data.data_processor - INFO - Starting data cleaning process
2024-11-13 12:47:39,571 - src.data.data_processor - INFO - Initial data shape: (7043, 21)
2024-11-13 12:47:39,581 - src.data.data_processor - INFO - Successfully converted TotalCharges to numeric
2024-11-13 12:47:39,581 - src.data.data_processor - INFO - Data cleaning completed
2024-11-13 12:47:39,581 - main - INFO - Transforming features
2024-11-13 12:47:39,581 - src.data.data_processor - INFO - Starting feature transformation
2024-11-13 12:47:39,585 - src.data.data_processor - INFO - Performing binary encoding for gender
2024-11-13 12:47:39,586 - src.data.data_processor - INFO - Creating dummy variables for categorical columns
2024-11-13 12:47:39,596 - src.data.data_processor - INFO - Transformation complete. New shape: (7043, 25)
2024-11-13 12:47:39,597 - main - INFO - Engineering features
2024-11-13 12:47:39,597 - src.features.feature_engineering - INFO - Starting feature creation
2024-11-13 12:47:39,598 - src.features.feature_engineering - INFO - Using service columns: ['InternetService_Fiber optic', 'InternetService_No', 'Contract_One year', 'Contract_Two year']
2024-11-13 12:47:39,600 - src.features.feature_engineering - INFO - Successfully created TotalServices feature
2024-11-13 12:47:39,604 - src.features.feature_engineering - INFO - Successfully created tenure bins
2024-11-13 12:47:39,604 - src.features.feature_engineering - INFO - Feature engineering complete. Final shape: (7043, 27)
2024-11-13 12:47:39,604 - main - INFO - Raw data shape: (7043, 21)
2024-11-13 12:47:39,604 - main - INFO - Cleaned data shape: (7043, 21)
2024-11-13 12:47:39,605 - main - INFO - Transformed data shape: (7043, 25)
2024-11-13 12:47:39,605 - main - INFO - Featured data shape: (7043, 27)
2024-11-13 12:47:39,605 - main - INFO - Training model
2024-11-13 12:47:41,100 - main - INFO - Evaluating model performance
2024-11-13 12:47:41,101 - main - ERROR - Pipeline failed: Found input variables with inconsistent numbers of samples: [1409, 2]
2024-11-13 12:47:41,103 - main - ERROR - Traceback (most recent call last):
  File "/home/metaphysicist/Coding/Interview_Prep/Orbi/Churn/main.py", line 57, in main
    evaluation_metrics = trainer.evaluate_model(y_test, predictions)
  File "/home/metaphysicist/Coding/Interview_Prep/Orbi/Churn/src/models/train.py", line 97, in evaluate_model
    'accuracy': accuracy_score(y_true, y_pred),
  File "/home/metaphysicist/Coding/Interview_Prep/Orbi/Churn/.env/lib/python3.10/site-packages/sklearn/utils/_param_validation.py", line 213, in wrapper
    return func(*args, **kwargs)
  File "/home/metaphysicist/Coding/Interview_Prep/Orbi/Churn/.env/lib/python3.10/site-packages/sklearn/metrics/_classification.py", line 231, in accuracy_score
    y_type, y_true, y_pred = _check_targets(y_true, y_pred)
  File "/home/metaphysicist/Coding/Interview_Prep/Orbi/Churn/.env/lib/python3.10/site-packages/sklearn/metrics/_classification.py", line 103, in _check_targets
    check_consistent_length(y_true, y_pred)
  File "/home/metaphysicist/Coding/Interview_Prep/Orbi/Churn/.env/lib/python3.10/site-packages/sklearn/utils/validation.py", line 457, in check_consistent_length
    raise ValueError(
ValueError: Found input variables with inconsistent numbers of samples: [1409, 2]

