2024-11-13 12:22:20,568 - main - INFO - Starting churn prediction pipeline
2024-11-13 12:22:20,568 - src.data.data_loader - INFO - Initializing DataLoader
2024-11-13 12:22:20,569 - src.data.data_loader - INFO - Loaded configuration from Churn/config.yaml
2024-11-13 12:22:20,570 - src.data.data_processor - INFO - Initializing DataProcessor
2024-11-13 12:22:20,570 - src.features.feature_engineering - INFO - Initializing FeatureEngineer
2024-11-13 12:22:20,571 - main - INFO - Loading raw data
2024-11-13 12:22:20,571 - src.data.data_loader - INFO - Loading raw data from Churn/data/raw/raw-telco-customer-churn.csv
2024-11-13 12:22:20,593 - src.data.data_loader - INFO - Successfully loaded data with shape (7043, 21)
2024-11-13 12:22:20,593 - main - INFO - Cleaning data
2024-11-13 12:22:20,593 - src.data.data_processor - INFO - Starting data cleaning process
2024-11-13 12:22:20,594 - src.data.data_processor - INFO - Initial data shape: (7043, 21)
2024-11-13 12:22:20,602 - src.data.data_processor - INFO - Successfully converted TotalCharges to numeric
2024-11-13 12:22:20,602 - src.data.data_processor - INFO - Data cleaning completed
2024-11-13 12:22:20,602 - main - INFO - Transforming features
2024-11-13 12:22:20,602 - src.data.data_processor - INFO - Starting feature transformation
2024-11-13 12:22:20,607 - src.data.data_processor - INFO - Performing binary encoding for gender
2024-11-13 12:22:20,610 - src.data.data_processor - INFO - Creating dummy variables for categorical columns
2024-11-13 12:22:20,619 - src.data.data_processor - INFO - Transformation complete. New shape: (7043, 25)
2024-11-13 12:22:20,619 - main - INFO - Engineering features
2024-11-13 12:22:20,620 - src.features.feature_engineering - INFO - Starting feature creation
2024-11-13 12:22:20,620 - src.features.feature_engineering - INFO - Using service columns: ['InternetService_Fiber optic', 'InternetService_No', 'Contract_One year', 'Contract_Two year']
2024-11-13 12:22:20,622 - src.features.feature_engineering - INFO - Successfully created TotalServices feature
2024-11-13 12:22:20,624 - src.features.feature_engineering - INFO - Successfully created tenure bins
2024-11-13 12:22:20,624 - src.features.feature_engineering - INFO - Feature engineering complete. Final shape: (7043, 27)
2024-11-13 12:22:20,624 - main - INFO - Raw data shape: (7043, 21)
2024-11-13 12:22:20,624 - main - INFO - Cleaned data shape: (7043, 21)
2024-11-13 12:22:20,625 - main - INFO - Transformed data shape: (7043, 25)
2024-11-13 12:22:20,625 - main - INFO - Featured data shape: (7043, 27)
2024-11-13 12:22:20,640 - main - INFO - Training model
2024-11-13 12:22:20,640 - main - INFO - Pipeline completed successfully
