2024-11-13 12:48:59,664 - main - INFO - Starting churn prediction pipeline
2024-11-13 12:48:59,664 - src.data.data_loader - INFO - Initializing DataLoader
2024-11-13 12:48:59,667 - src.data.data_loader - INFO - Loaded configuration from Churn/config.yaml
2024-11-13 12:48:59,668 - src.data.data_processor - INFO - Initializing DataProcessor
2024-11-13 12:48:59,668 - src.features.feature_engineering - INFO - Initializing FeatureEngineer
2024-11-13 12:48:59,671 - main - INFO - Loading raw data
2024-11-13 12:48:59,671 - src.data.data_loader - INFO - Loading raw data from Churn/data/raw/raw-telco-customer-churn.csv
2024-11-13 12:48:59,707 - src.data.data_loader - INFO - Successfully loaded data with shape (7043, 21)
2024-11-13 12:48:59,708 - main - INFO - Cleaning data
2024-11-13 12:48:59,708 - src.data.data_processor - INFO - Starting data cleaning process
2024-11-13 12:48:59,709 - src.data.data_processor - INFO - Initial data shape: (7043, 21)
2024-11-13 12:48:59,723 - src.data.data_processor - INFO - Successfully converted TotalCharges to numeric
2024-11-13 12:48:59,723 - src.data.data_processor - INFO - Data cleaning completed
2024-11-13 12:48:59,724 - main - INFO - Transforming features
2024-11-13 12:48:59,724 - src.data.data_processor - INFO - Starting feature transformation
2024-11-13 12:48:59,728 - src.data.data_processor - INFO - Performing binary encoding for gender
2024-11-13 12:48:59,730 - src.data.data_processor - INFO - Creating dummy variables for categorical columns
2024-11-13 12:48:59,747 - src.data.data_processor - INFO - Transformation complete. New shape: (7043, 25)
2024-11-13 12:48:59,747 - main - INFO - Engineering features
2024-11-13 12:48:59,747 - src.features.feature_engineering - INFO - Starting feature creation
2024-11-13 12:48:59,749 - src.features.feature_engineering - INFO - Using service columns: ['InternetService_Fiber optic', 'InternetService_No', 'Contract_One year', 'Contract_Two year']
2024-11-13 12:48:59,754 - src.features.feature_engineering - INFO - Successfully created TotalServices feature
2024-11-13 12:48:59,759 - src.features.feature_engineering - INFO - Successfully created tenure bins
2024-11-13 12:48:59,760 - src.features.feature_engineering - INFO - Feature engineering complete. Final shape: (7043, 27)
2024-11-13 12:48:59,760 - main - INFO - Raw data shape: (7043, 21)
2024-11-13 12:48:59,760 - main - INFO - Cleaned data shape: (7043, 21)
2024-11-13 12:48:59,761 - main - INFO - Transformed data shape: (7043, 25)
2024-11-13 12:48:59,761 - main - INFO - Featured data shape: (7043, 27)
2024-11-13 12:48:59,761 - main - INFO - Training model
2024-11-13 12:49:01,229 - main - INFO - Evaluating model performance
2024-11-13 12:49:01,230 - main - ERROR - Pipeline failed: 'class_predicted'
2024-11-13 12:49:01,230 - main - ERROR - Traceback (most recent call last):
  File "/home/metaphysicist/Coding/Interview_Prep/Orbi/Churn/main.py", line 56, in main
    prediction = predictions['class_predicted']
KeyError: 'class_predicted'

