2024-11-13 12:48:17,964 - main - INFO - Starting churn prediction pipeline
2024-11-13 12:48:17,965 - src.data.data_loader - INFO - Initializing DataLoader
2024-11-13 12:48:17,968 - src.data.data_loader - INFO - Loaded configuration from Churn/config.yaml
2024-11-13 12:48:17,969 - src.data.data_processor - INFO - Initializing DataProcessor
2024-11-13 12:48:17,969 - src.features.feature_engineering - INFO - Initializing FeatureEngineer
2024-11-13 12:48:17,972 - main - INFO - Loading raw data
2024-11-13 12:48:17,972 - src.data.data_loader - INFO - Loading raw data from Churn/data/raw/raw-telco-customer-churn.csv
2024-11-13 12:48:18,008 - src.data.data_loader - INFO - Successfully loaded data with shape (7043, 21)
2024-11-13 12:48:18,008 - main - INFO - Cleaning data
2024-11-13 12:48:18,008 - src.data.data_processor - INFO - Starting data cleaning process
2024-11-13 12:48:18,009 - src.data.data_processor - INFO - Initial data shape: (7043, 21)
2024-11-13 12:48:18,024 - src.data.data_processor - INFO - Successfully converted TotalCharges to numeric
2024-11-13 12:48:18,024 - src.data.data_processor - INFO - Data cleaning completed
2024-11-13 12:48:18,024 - main - INFO - Transforming features
2024-11-13 12:48:18,024 - src.data.data_processor - INFO - Starting feature transformation
2024-11-13 12:48:18,028 - src.data.data_processor - INFO - Performing binary encoding for gender
2024-11-13 12:48:18,030 - src.data.data_processor - INFO - Creating dummy variables for categorical columns
2024-11-13 12:48:18,048 - src.data.data_processor - INFO - Transformation complete. New shape: (7043, 25)
2024-11-13 12:48:18,048 - main - INFO - Engineering features
2024-11-13 12:48:18,048 - src.features.feature_engineering - INFO - Starting feature creation
2024-11-13 12:48:18,049 - src.features.feature_engineering - INFO - Using service columns: ['InternetService_Fiber optic', 'InternetService_No', 'Contract_One year', 'Contract_Two year']
2024-11-13 12:48:18,054 - src.features.feature_engineering - INFO - Successfully created TotalServices feature
2024-11-13 12:48:18,058 - src.features.feature_engineering - INFO - Successfully created tenure bins
2024-11-13 12:48:18,059 - src.features.feature_engineering - INFO - Feature engineering complete. Final shape: (7043, 27)
2024-11-13 12:48:18,059 - main - INFO - Raw data shape: (7043, 21)
2024-11-13 12:48:18,059 - main - INFO - Cleaned data shape: (7043, 21)
2024-11-13 12:48:18,059 - main - INFO - Transformed data shape: (7043, 25)
2024-11-13 12:48:18,059 - main - INFO - Featured data shape: (7043, 27)
2024-11-13 12:48:18,059 - main - INFO - Training model
2024-11-13 12:48:19,326 - main - INFO - Evaluating model performance
2024-11-13 12:48:19,327 - main - ERROR - Pipeline failed: local variable 'prediction' referenced before assignment
2024-11-13 12:48:19,327 - main - ERROR - Traceback (most recent call last):
  File "/home/metaphysicist/Coding/Interview_Prep/Orbi/Churn/main.py", line 55, in main
    print(prediction)
UnboundLocalError: local variable 'prediction' referenced before assignment

