2024-11-13 12:26:33,089 - main - INFO - Starting churn prediction pipeline
2024-11-13 12:26:33,089 - src.data.data_loader - INFO - Initializing DataLoader
2024-11-13 12:26:33,091 - src.data.data_loader - INFO - Loaded configuration from Churn/config.yaml
2024-11-13 12:26:33,091 - src.data.data_processor - INFO - Initializing DataProcessor
2024-11-13 12:26:33,091 - src.features.feature_engineering - INFO - Initializing FeatureEngineer
2024-11-13 12:26:33,092 - main - INFO - Loading raw data
2024-11-13 12:26:33,092 - src.data.data_loader - INFO - Loading raw data from Churn/data/raw/raw-telco-customer-churn.csv
2024-11-13 12:26:33,119 - src.data.data_loader - INFO - Successfully loaded data with shape (7043, 21)
2024-11-13 12:26:33,119 - main - INFO - Cleaning data
2024-11-13 12:26:33,119 - src.data.data_processor - INFO - Starting data cleaning process
2024-11-13 12:26:33,120 - src.data.data_processor - INFO - Initial data shape: (7043, 21)
2024-11-13 12:26:33,134 - src.data.data_processor - INFO - Successfully converted TotalCharges to numeric
2024-11-13 12:26:33,134 - src.data.data_processor - INFO - Data cleaning completed
2024-11-13 12:26:33,134 - main - INFO - Transforming features
2024-11-13 12:26:33,134 - src.data.data_processor - INFO - Starting feature transformation
2024-11-13 12:26:33,138 - src.data.data_processor - INFO - Performing binary encoding for gender
2024-11-13 12:26:33,140 - src.data.data_processor - INFO - Creating dummy variables for categorical columns
2024-11-13 12:26:33,156 - src.data.data_processor - INFO - Transformation complete. New shape: (7043, 25)
2024-11-13 12:26:33,156 - main - INFO - Engineering features
2024-11-13 12:26:33,156 - src.features.feature_engineering - INFO - Starting feature creation
2024-11-13 12:26:33,157 - src.features.feature_engineering - INFO - Using service columns: ['InternetService_Fiber optic', 'InternetService_No', 'Contract_One year', 'Contract_Two year']
2024-11-13 12:26:33,161 - src.features.feature_engineering - INFO - Successfully created TotalServices feature
2024-11-13 12:26:33,165 - src.features.feature_engineering - INFO - Successfully created tenure bins
2024-11-13 12:26:33,165 - src.features.feature_engineering - INFO - Feature engineering complete. Final shape: (7043, 27)
2024-11-13 12:26:33,165 - main - INFO - Raw data shape: (7043, 21)
2024-11-13 12:26:33,165 - main - INFO - Cleaned data shape: (7043, 21)
2024-11-13 12:26:33,165 - main - INFO - Transformed data shape: (7043, 25)
2024-11-13 12:26:33,165 - main - INFO - Featured data shape: (7043, 27)
2024-11-13 12:26:33,165 - main - INFO - Training model
2024-11-13 12:26:34,203 - main - ERROR - Pipeline failed: name 'accuracy_score' is not defined
2024-11-13 12:26:34,204 - main - ERROR - Traceback (most recent call last):
  File "/home/metaphysicist/Coding/Interview_Prep/Orbi/Churn/main.py", line 47, in main
    model, scaler, metrics = trainer.train_model(X_train, y_train)
  File "/home/metaphysicist/Coding/Interview_Prep/Orbi/Churn/src/models/train.py", line 57, in train_model
    'accuracy': accuracy_score(y_train, y_pred),
NameError: name 'accuracy_score' is not defined

